-------------------------------------------------------------------------------
Test set: com.sunl.sso.Oauth2SsoAuthServerApplicationTests
-------------------------------------------------------------------------------
Tests run: 1, Failures: 0, Errors: 1, Skipped: 0, Time elapsed: 30.967 s <<< FAILURE! - in com.sunl.sso.Oauth2SsoAuthServerApplicationTests
contextLoads(com.sunl.sso.Oauth2SsoAuthServerApplicationTests)  Time elapsed: 0.01 s  <<< ERROR!
java.lang.IllegalStateException: Failed to load ApplicationContext
Caused by: org.springframework.beans.factory.BeanCreationException: Error creating bean with name 'enableRedisKeyspaceNotificationsInitializer' defined in class path resource [org/springframework/boot/autoconfigure/session/RedisSessionConfiguration$SpringBootRedisHttpSessionConfiguration.class]: Invocation of init method failed; nested exception is org.springframework.dao.QueryTimeoutException: Redis command timed out; nested exception is io.lettuce.core.RedisCommandTimeoutException: Command timed out after 5 second(s)
Caused by: org.springframework.dao.QueryTimeoutException: Redis command timed out; nested exception is io.lettuce.core.RedisCommandTimeoutException: Command timed out after 5 second(s)
Caused by: io.lettuce.core.RedisCommandTimeoutException: Command timed out after 5 second(s)

