-------------------------------------------------------------------------------
Test set: com.cjs.sso.Oauth2SsoClientMemberApplicationTests
-------------------------------------------------------------------------------
Tests run: 1, Failures: 0, Errors: 1, Skipped: 0, Time elapsed: 0.558 s <<< FAILURE! - in com.cjs.sso.Oauth2SsoClientMemberApplicationTests
initializationError(com.cjs.sso.Oauth2SsoClientMemberApplicationTests)  Time elapsed: 0.01 s  <<< ERROR!
java.lang.IllegalStateException: Unable to find a @SpringBootConfiguration, you need to use @ContextConfiguration or @SpringBootTest(classes=...) with your test

